mode: set
github.com/ONSdigital/dp-cantabular-metadata-extractor-api/config/config.go:24.29,25.16 1 1
github.com/ONSdigital/dp-cantabular-metadata-extractor-api/config/config.go:29.2,39.40 2 1
github.com/ONSdigital/dp-cantabular-metadata-extractor-api/config/config.go:25.16,27.3 1 1
github.com/ONSdigital/dp-cantabular-metadata-extractor-api/api/api.go:24.117,33.2 3 1
github.com/ONSdigital/dp-cantabular-metadata-extractor-api/api/metadata.go:18.96,25.16 5 0
github.com/ONSdigital/dp-cantabular-metadata-extractor-api/api/metadata.go:28.2,29.15 2 0
github.com/ONSdigital/dp-cantabular-metadata-extractor-api/api/metadata.go:25.16,27.3 1 0
github.com/ONSdigital/dp-cantabular-metadata-extractor-api/api/metadata.go:32.108,35.16 2 1
github.com/ONSdigital/dp-cantabular-metadata-extractor-api/api/metadata.go:39.2,41.49 2 1
github.com/ONSdigital/dp-cantabular-metadata-extractor-api/api/metadata.go:45.2,45.29 1 1
github.com/ONSdigital/dp-cantabular-metadata-extractor-api/api/metadata.go:35.16,37.3 1 0
github.com/ONSdigital/dp-cantabular-metadata-extractor-api/api/metadata.go:41.49,43.3 1 1
github.com/ONSdigital/dp-cantabular-metadata-extractor-api/service/initialise.go:20.67,25.2 1 1
github.com/ONSdigital/dp-cantabular-metadata-extractor-api/service/initialise.go:31.94,34.2 2 1
github.com/ONSdigital/dp-cantabular-metadata-extractor-api/service/initialise.go:37.127,39.16 2 1
github.com/ONSdigital/dp-cantabular-metadata-extractor-api/service/initialise.go:42.2,43.16 2 1
github.com/ONSdigital/dp-cantabular-metadata-extractor-api/service/initialise.go:39.16,41.3 1 1
github.com/ONSdigital/dp-cantabular-metadata-extractor-api/service/initialise.go:47.80,49.2 1 1
github.com/ONSdigital/dp-cantabular-metadata-extractor-api/service/initialise.go:52.81,56.2 3 0
github.com/ONSdigital/dp-cantabular-metadata-extractor-api/service/initialise.go:59.114,61.16 2 0
github.com/ONSdigital/dp-cantabular-metadata-extractor-api/service/initialise.go:64.2,65.17 2 0
github.com/ONSdigital/dp-cantabular-metadata-extractor-api/service/initialise.go:61.16,63.3 1 0
github.com/ONSdigital/dp-cantabular-metadata-extractor-api/service/initialise.go:69.67,71.2 1 0
github.com/ONSdigital/dp-cantabular-metadata-extractor-api/service/service.go:27.163,50.16 9 1
github.com/ONSdigital/dp-cantabular-metadata-extractor-api/service/service.go:55.2,55.68 1 1
github.com/ONSdigital/dp-cantabular-metadata-extractor-api/service/service.go:59.2,65.12 3 1
github.com/ONSdigital/dp-cantabular-metadata-extractor-api/service/service.go:71.2,79.8 1 1
github.com/ONSdigital/dp-cantabular-metadata-extractor-api/service/service.go:50.16,53.3 2 1
github.com/ONSdigital/dp-cantabular-metadata-extractor-api/service/service.go:55.68,57.3 1 0
github.com/ONSdigital/dp-cantabular-metadata-extractor-api/service/service.go:65.12,66.44 1 1
github.com/ONSdigital/dp-cantabular-metadata-extractor-api/service/service.go:66.44,68.4 1 1
github.com/ONSdigital/dp-cantabular-metadata-extractor-api/service/service.go:83.54,91.12 5 1
github.com/ONSdigital/dp-cantabular-metadata-extractor-api/service/service.go:109.2,112.43 2 1
github.com/ONSdigital/dp-cantabular-metadata-extractor-api/service/service.go:118.2,118.22 1 1
github.com/ONSdigital/dp-cantabular-metadata-extractor-api/service/service.go:124.2,125.12 2 1
github.com/ONSdigital/dp-cantabular-metadata-extractor-api/service/service.go:91.12,95.34 2 1
github.com/ONSdigital/dp-cantabular-metadata-extractor-api/service/service.go:100.3,100.50 1 1
github.com/ONSdigital/dp-cantabular-metadata-extractor-api/service/service.go:95.34,97.4 1 1
github.com/ONSdigital/dp-cantabular-metadata-extractor-api/service/service.go:100.50,103.4 2 1
github.com/ONSdigital/dp-cantabular-metadata-extractor-api/service/service.go:112.43,115.3 2 1
github.com/ONSdigital/dp-cantabular-metadata-extractor-api/service/service.go:118.22,122.3 3 1
github.com/ONSdigital/dp-cantabular-metadata-extractor-api/service/service.go:128.107,131.76 2 1
github.com/ONSdigital/dp-cantabular-metadata-extractor-api/service/service.go:142.2,142.15 1 1
github.com/ONSdigital/dp-cantabular-metadata-extractor-api/service/service.go:145.2,145.12 1 1
github.com/ONSdigital/dp-cantabular-metadata-extractor-api/service/service.go:131.76,134.3 2 0
github.com/ONSdigital/dp-cantabular-metadata-extractor-api/service/service.go:142.15,144.3 1 0
github.com/ONSdigital/dp-cantabular-metadata-extractor-api/metadata/metadata.go:58.85,65.16 5 1
github.com/ONSdigital/dp-cantabular-metadata-extractor-api/metadata/metadata.go:69.2,77.69 8 1
github.com/ONSdigital/dp-cantabular-metadata-extractor-api/metadata/metadata.go:81.2,81.49 1 1
github.com/ONSdigital/dp-cantabular-metadata-extractor-api/metadata/metadata.go:92.2,92.13 1 1
github.com/ONSdigital/dp-cantabular-metadata-extractor-api/metadata/metadata.go:65.16,67.3 1 0
github.com/ONSdigital/dp-cantabular-metadata-extractor-api/metadata/metadata.go:77.69,79.3 1 0
github.com/ONSdigital/dp-cantabular-metadata-extractor-api/metadata/metadata.go:81.49,87.58 3 0
github.com/ONSdigital/dp-cantabular-metadata-extractor-api/metadata/metadata.go:87.58,89.4 1 0
github.com/ONSdigital/dp-cantabular-metadata-extractor-api/main.go:32.13,36.33 3 0
github.com/ONSdigital/dp-cantabular-metadata-extractor-api/main.go:36.33,39.3 2 0
github.com/ONSdigital/dp-cantabular-metadata-extractor-api/main.go:42.37,54.16 7 0
github.com/ONSdigital/dp-cantabular-metadata-extractor-api/main.go:59.2,60.16 2 0
github.com/ONSdigital/dp-cantabular-metadata-extractor-api/main.go:65.2,65.9 1 0
github.com/ONSdigital/dp-cantabular-metadata-extractor-api/main.go:73.2,73.23 1 0
github.com/ONSdigital/dp-cantabular-metadata-extractor-api/main.go:54.16,56.3 1 0
github.com/ONSdigital/dp-cantabular-metadata-extractor-api/main.go:60.16,62.3 1 0
github.com/ONSdigital/dp-cantabular-metadata-extractor-api/main.go:66.26,69.52 1 0
github.com/ONSdigital/dp-cantabular-metadata-extractor-api/main.go:70.24,71.63 1 0
